<?xml version="1.0" encoding="UTF-8"?>
<testsuite xmlns:xsi="http://www.w3.org/2001/XMLSchema-instance" xsi:noNamespaceSchemaLocation="https://maven.apache.org/surefire/maven-surefire-plugin/xsd/surefire-test-report-3.0.xsd" version="3.0" name="org.cruk.clarity.api.ClarityAPIPaginatedBatchTest" time="1.766" tests="4" errors="0" skipped="0" failures="0">
  <properties>
    <property name="java.specification.version" value="17"/>
    <property name="sun.jnu.encoding" value="UTF-8"/>
    <property name="java.class.path" value="/home/bowers01/work/ee10/clarityclient2/client/target/test-classes:/home/bowers01/.m2/repository/org/springframework/spring-expression/6.1.6/spring-expression-6.1.6.jar:/home/bowers01/.m2/repository/io/micrometer/micrometer-observation/1.12.5/micrometer-observation-1.12.5.jar:/home/bowers01/.m2/repository/io/micrometer/micrometer-commons/1.12.5/micrometer-commons-1.12.5.jar:/home/bowers01/.m2/repository/org/springframework/spring-context-support/6.1.6/spring-context-support-6.1.6.jar:/home/bowers01/.m2/repository/org/springframework/spring-jcl/6.1.6/spring-jcl-6.1.6.jar:/home/bowers01/.m2/repository/org/springframework/spring-messaging/6.1.6/spring-messaging-6.1.6.jar:/home/bowers01/.m2/repository/org/springframework/spring-tx/6.1.6/spring-tx-6.1.6.jar:/home/bowers01/.m2/repository/org/springframework/retry/spring-retry/2.0.5/spring-retry-2.0.5.jar:/home/bowers01/.m2/repository/io/projectreactor/reactor-core/3.6.5/reactor-core-3.6.5.jar:/home/bowers01/.m2/repository/org/reactivestreams/reactive-streams/1.0.4/reactive-streams-1.0.4.jar:/home/bowers01/.m2/repository/org/xmlunit/xmlunit-legacy/2.10.0/xmlunit-legacy-2.10.0.jar:/home/bowers01/.m2/repository/org/xmlunit/xmlunit-core/2.10.0/xmlunit-core-2.10.0.jar:/home/bowers01/.m2/repository/junit/junit/3.8.1/junit-3.8.1.jar:/home/bowers01/.m2/repository/org/apache/logging/log4j/log4j-slf4j2-impl/2.20.0/log4j-slf4j2-impl-2.20.0.jar:/home/bowers01/.m2/repository/org/apache/logging/log4j/log4j-api/2.20.0/log4j-api-2.20.0.jar:/home/bowers01/.m2/repository/org/apache/logging/log4j/log4j-core/2.20.0/log4j-core-2.20.0.jar:/home/bowers01/.m2/repository/org/junit/jupiter/junit-jupiter/5.10.0/junit-jupiter-5.10.0.jar:/home/bowers01/.m2/repository/org/junit/jupiter/junit-jupiter-api/5.10.0/junit-jupiter-api-5.10.0.jar:/home/bowers01/.m2/repository/org/opentest4j/opentest4j/1.3.0/opentest4j-1.3.0.jar:/home/bowers01/.m2/repository/org/junit/platform/junit-platform-commons/1.10.0/junit-platform-commons-1.10.0.jar:/home/bowers01/.m2/repository/org/apiguardian/apiguardian-api/1.1.2/apiguardian-api-1.1.2.jar:/home/bowers01/.m2/repository/org/junit/jupiter/junit-jupiter-params/5.10.0/junit-jupiter-params-5.10.0.jar:/home/bowers01/.m2/repository/org/junit/jupiter/junit-jupiter-engine/5.10.0/junit-jupiter-engine-5.10.0.jar:/home/bowers01/.m2/repository/org/junit/platform/junit-platform-engine/1.10.0/junit-platform-engine-1.10.0.jar:/home/bowers01/.m2/repository/org/mockito/mockito-core/5.11.0/mockito-core-5.11.0.jar:/home/bowers01/.m2/repository/net/bytebuddy/byte-buddy/1.14.12/byte-buddy-1.14.12.jar:/home/bowers01/.m2/repository/net/bytebuddy/byte-buddy-agent/1.14.12/byte-buddy-agent-1.14.12.jar:/home/bowers01/.m2/repository/org/objenesis/objenesis/3.3/objenesis-3.3.jar:/home/bowers01/.m2/repository/org/springframework/spring-test/6.1.6/spring-test-6.1.6.jar:"/>
    <property name="java.vm.vendor" value="Red Hat, Inc."/>
    <property name="sun.arch.data.model" value="64"/>
    <property name="java.vendor.url" value="https://www.redhat.com/"/>
    <property name="user.timezone" value="Europe/London"/>
    <property name="os.name" value="Linux"/>
    <property name="java.vm.specification.version" value="17"/>
    <property name="sun.java.launcher" value="SUN_STANDARD"/>
    <property name="user.country" value="GB"/>
    <property name="sun.boot.library.path" value="/usr/lib/jvm/java-17-openjdk-17.0.11.0.9-2.el8.x86_64/lib"/>
    <property name="sun.java.command" value="org.apache.maven.surefire.booter.ForkedBooter /home/bowers01/work/ee10/clarityclient2/client/target/surefire 2024-06-17T15-33-59_941-jvmRun1 surefire-20240617153408729_4tmp surefire_1-20240617153408729_5tmp"/>
    <property name="jdk.debug" value="release"/>
    <property name="surefire.test.class.path" value="/home/bowers01/work/ee10/clarityclient2/client/target/test-classes:/home/bowers01/.m2/repository/org/springframework/spring-expression/6.1.6/spring-expression-6.1.6.jar:/home/bowers01/.m2/repository/io/micrometer/micrometer-observation/1.12.5/micrometer-observation-1.12.5.jar:/home/bowers01/.m2/repository/io/micrometer/micrometer-commons/1.12.5/micrometer-commons-1.12.5.jar:/home/bowers01/.m2/repository/org/springframework/spring-context-support/6.1.6/spring-context-support-6.1.6.jar:/home/bowers01/.m2/repository/org/springframework/spring-jcl/6.1.6/spring-jcl-6.1.6.jar:/home/bowers01/.m2/repository/org/springframework/spring-messaging/6.1.6/spring-messaging-6.1.6.jar:/home/bowers01/.m2/repository/org/springframework/spring-tx/6.1.6/spring-tx-6.1.6.jar:/home/bowers01/.m2/repository/org/springframework/retry/spring-retry/2.0.5/spring-retry-2.0.5.jar:/home/bowers01/.m2/repository/io/projectreactor/reactor-core/3.6.5/reactor-core-3.6.5.jar:/home/bowers01/.m2/repository/org/reactivestreams/reactive-streams/1.0.4/reactive-streams-1.0.4.jar:/home/bowers01/.m2/repository/org/xmlunit/xmlunit-legacy/2.10.0/xmlunit-legacy-2.10.0.jar:/home/bowers01/.m2/repository/org/xmlunit/xmlunit-core/2.10.0/xmlunit-core-2.10.0.jar:/home/bowers01/.m2/repository/junit/junit/3.8.1/junit-3.8.1.jar:/home/bowers01/.m2/repository/org/apache/logging/log4j/log4j-slf4j2-impl/2.20.0/log4j-slf4j2-impl-2.20.0.jar:/home/bowers01/.m2/repository/org/apache/logging/log4j/log4j-api/2.20.0/log4j-api-2.20.0.jar:/home/bowers01/.m2/repository/org/apache/logging/log4j/log4j-core/2.20.0/log4j-core-2.20.0.jar:/home/bowers01/.m2/repository/org/junit/jupiter/junit-jupiter/5.10.0/junit-jupiter-5.10.0.jar:/home/bowers01/.m2/repository/org/junit/jupiter/junit-jupiter-api/5.10.0/junit-jupiter-api-5.10.0.jar:/home/bowers01/.m2/repository/org/opentest4j/opentest4j/1.3.0/opentest4j-1.3.0.jar:/home/bowers01/.m2/repository/org/junit/platform/junit-platform-commons/1.10.0/junit-platform-commons-1.10.0.jar:/home/bowers01/.m2/repository/org/apiguardian/apiguardian-api/1.1.2/apiguardian-api-1.1.2.jar:/home/bowers01/.m2/repository/org/junit/jupiter/junit-jupiter-params/5.10.0/junit-jupiter-params-5.10.0.jar:/home/bowers01/.m2/repository/org/junit/jupiter/junit-jupiter-engine/5.10.0/junit-jupiter-engine-5.10.0.jar:/home/bowers01/.m2/repository/org/junit/platform/junit-platform-engine/1.10.0/junit-platform-engine-1.10.0.jar:/home/bowers01/.m2/repository/org/mockito/mockito-core/5.11.0/mockito-core-5.11.0.jar:/home/bowers01/.m2/repository/net/bytebuddy/byte-buddy/1.14.12/byte-buddy-1.14.12.jar:/home/bowers01/.m2/repository/net/bytebuddy/byte-buddy-agent/1.14.12/byte-buddy-agent-1.14.12.jar:/home/bowers01/.m2/repository/org/objenesis/objenesis/3.3/objenesis-3.3.jar:/home/bowers01/.m2/repository/org/springframework/spring-test/6.1.6/spring-test-6.1.6.jar:"/>
    <property name="sun.cpu.endian" value="little"/>
    <property name="user.home" value="/home/bowers01"/>
    <property name="user.language" value="en"/>
    <property name="java.specification.vendor" value="Oracle Corporation"/>
    <property name="jdk.module.path" value="/home/bowers01/work/ee10/clarityclient2/client/target/classes:/home/bowers01/work/ee10/clarityclient2/model/target/clarity-client2-model-2.31-SNAPSHOT.jar:/home/bowers01/.m2/repository/jakarta/activation/jakarta.activation-api/2.1.0/jakarta.activation-api-2.1.0.jar:/home/bowers01/.m2/repository/jakarta/annotation/jakarta.annotation-api/2.1.1/jakarta.annotation-api-2.1.1.jar:/home/bowers01/.m2/repository/jakarta/xml/bind/jakarta.xml.bind-api/4.0.0/jakarta.xml.bind-api-4.0.0.jar:/home/bowers01/.m2/repository/org/slf4j/slf4j-api/2.0.7/slf4j-api-2.0.7.jar:/home/bowers01/.m2/repository/commons-beanutils/commons-beanutils/1.10.1/commons-beanutils-1.10.1.jar:/home/bowers01/.m2/repository/commons-io/commons-io/2.16.1/commons-io-2.16.1.jar:/home/bowers01/.m2/repository/org/apache/commons/commons-collections4/4.4/commons-collections4-4.4.jar:/home/bowers01/.m2/repository/org/apache/commons/commons-lang3/3.14.0/commons-lang3-3.14.0.jar:/home/bowers01/.m2/repository/org/aspectj/aspectjweaver/1.9.22/aspectjweaver-1.9.22.jar:/home/bowers01/.m2/repository/org/springframework/spring-aop/6.1.6/spring-aop-6.1.6.jar:/home/bowers01/.m2/repository/org/springframework/spring-beans/6.1.6/spring-beans-6.1.6.jar:/home/bowers01/.m2/repository/org/springframework/spring-context/6.1.6/spring-context-6.1.6.jar:/home/bowers01/.m2/repository/org/springframework/spring-core/6.1.6/spring-core-6.1.6.jar:/home/bowers01/.m2/repository/org/springframework/spring-oxm/6.1.6/spring-oxm-6.1.6.jar:/home/bowers01/.m2/repository/org/springframework/spring-web/6.1.6/spring-web-6.1.6.jar:/home/bowers01/.m2/repository/org/springframework/integration/spring-integration-sftp/6.2.4/spring-integration-sftp-6.2.4.jar:/home/bowers01/.m2/repository/org/springframework/integration/spring-integration-core/6.2.4/spring-integration-core-6.2.4.jar:/home/bowers01/.m2/repository/org/springframework/integration/spring-integration-file/6.2.4/spring-integration-file-6.2.4.jar:/home/bowers01/.m2/repository/org/apache/httpcomponents/client5/httpclient5/5.3.1/httpclient5-5.3.1.jar:/home/bowers01/.m2/repository/org/apache/httpcomponents/core5/httpcore5/5.2.4/httpcore5-5.2.4.jar:/home/bowers01/.m2/repository/org/apache/httpcomponents/core5/httpcore5-h2/5.2.4/httpcore5-h2-5.2.4.jar:/home/bowers01/.m2/repository/org/apache/sshd/sshd-osgi/2.12.1/sshd-osgi-2.12.1.jar:/home/bowers01/.m2/repository/org/apache/sshd/sshd-sftp/2.12.1/sshd-sftp-2.12.1.jar:/home/bowers01/.m2/repository/org/glassfish/jaxb/jaxb-runtime/4.0.5/jaxb-runtime-4.0.5.jar:/home/bowers01/.m2/repository/org/glassfish/jaxb/jaxb-core/4.0.5/jaxb-core-4.0.5.jar:/home/bowers01/.m2/repository/org/eclipse/angus/angus-activation/2.0.2/angus-activation-2.0.2.jar:/home/bowers01/.m2/repository/org/glassfish/jaxb/txw2/4.0.5/txw2-4.0.5.jar:/home/bowers01/.m2/repository/com/sun/istack/istack-commons-runtime/4.1.2/istack-commons-runtime-4.1.2.jar"/>
    <property name="java.version.date" value="2024-04-16"/>
    <property name="java.home" value="/usr/lib/jvm/java-17-openjdk-17.0.11.0.9-2.el8.x86_64"/>
    <property name="file.separator" value="/"/>
    <property name="basedir" value="/home/bowers01/work/ee10/clarityclient2/client"/>
    <property name="java.vm.compressedOopsMode" value="Zero based"/>
    <property name="line.separator" value="&#10;"/>
    <property name="java.specification.name" value="Java Platform API Specification"/>
    <property name="java.vm.specification.vendor" value="Oracle Corporation"/>
    <property name="surefire.real.class.path" value="/home/bowers01/.m2/repository/org/apache/maven/surefire/surefire-booter/3.2.5/surefire-booter-3.2.5.jar:/home/bowers01/.m2/repository/org/apache/maven/surefire/surefire-api/3.2.5/surefire-api-3.2.5.jar:/home/bowers01/.m2/repository/org/apache/maven/surefire/surefire-logger-api/3.2.5/surefire-logger-api-3.2.5.jar:/home/bowers01/.m2/repository/org/apache/maven/surefire/surefire-shared-utils/3.2.5/surefire-shared-utils-3.2.5.jar:/home/bowers01/.m2/repository/org/apache/maven/surefire/surefire-extensions-spi/3.2.5/surefire-extensions-spi-3.2.5.jar:/home/bowers01/work/ee10/clarityclient2/client/target/test-classes:/home/bowers01/.m2/repository/org/springframework/spring-expression/6.1.6/spring-expression-6.1.6.jar:/home/bowers01/.m2/repository/io/micrometer/micrometer-observation/1.12.5/micrometer-observation-1.12.5.jar:/home/bowers01/.m2/repository/io/micrometer/micrometer-commons/1.12.5/micrometer-commons-1.12.5.jar:/home/bowers01/.m2/repository/org/springframework/spring-context-support/6.1.6/spring-context-support-6.1.6.jar:/home/bowers01/.m2/repository/org/springframework/spring-jcl/6.1.6/spring-jcl-6.1.6.jar:/home/bowers01/.m2/repository/org/springframework/spring-messaging/6.1.6/spring-messaging-6.1.6.jar:/home/bowers01/.m2/repository/org/springframework/spring-tx/6.1.6/spring-tx-6.1.6.jar:/home/bowers01/.m2/repository/org/springframework/retry/spring-retry/2.0.5/spring-retry-2.0.5.jar:/home/bowers01/.m2/repository/io/projectreactor/reactor-core/3.6.5/reactor-core-3.6.5.jar:/home/bowers01/.m2/repository/org/reactivestreams/reactive-streams/1.0.4/reactive-streams-1.0.4.jar:/home/bowers01/.m2/repository/org/xmlunit/xmlunit-legacy/2.10.0/xmlunit-legacy-2.10.0.jar:/home/bowers01/.m2/repository/org/xmlunit/xmlunit-core/2.10.0/xmlunit-core-2.10.0.jar:/home/bowers01/.m2/repository/junit/junit/3.8.1/junit-3.8.1.jar:/home/bowers01/.m2/repository/org/apache/logging/log4j/log4j-slf4j2-impl/2.20.0/log4j-slf4j2-impl-2.20.0.jar:/home/bowers01/.m2/repository/org/apache/logging/log4j/log4j-api/2.20.0/log4j-api-2.20.0.jar:/home/bowers01/.m2/repository/org/apache/logging/log4j/log4j-core/2.20.0/log4j-core-2.20.0.jar:/home/bowers01/.m2/repository/org/junit/jupiter/junit-jupiter/5.10.0/junit-jupiter-5.10.0.jar:/home/bowers01/.m2/repository/org/junit/jupiter/junit-jupiter-api/5.10.0/junit-jupiter-api-5.10.0.jar:/home/bowers01/.m2/repository/org/opentest4j/opentest4j/1.3.0/opentest4j-1.3.0.jar:/home/bowers01/.m2/repository/org/junit/platform/junit-platform-commons/1.10.0/junit-platform-commons-1.10.0.jar:/home/bowers01/.m2/repository/org/apiguardian/apiguardian-api/1.1.2/apiguardian-api-1.1.2.jar:/home/bowers01/.m2/repository/org/junit/jupiter/junit-jupiter-params/5.10.0/junit-jupiter-params-5.10.0.jar:/home/bowers01/.m2/repository/org/junit/jupiter/junit-jupiter-engine/5.10.0/junit-jupiter-engine-5.10.0.jar:/home/bowers01/.m2/repository/org/junit/platform/junit-platform-engine/1.10.0/junit-platform-engine-1.10.0.jar:/home/bowers01/.m2/repository/org/mockito/mockito-core/5.11.0/mockito-core-5.11.0.jar:/home/bowers01/.m2/repository/net/bytebuddy/byte-buddy/1.14.12/byte-buddy-1.14.12.jar:/home/bowers01/.m2/repository/net/bytebuddy/byte-buddy-agent/1.14.12/byte-buddy-agent-1.14.12.jar:/home/bowers01/.m2/repository/org/objenesis/objenesis/3.3/objenesis-3.3.jar:/home/bowers01/.m2/repository/org/springframework/spring-test/6.1.6/spring-test-6.1.6.jar:/home/bowers01/.m2/repository/org/apache/maven/surefire/surefire-junit-platform/3.2.5/surefire-junit-platform-3.2.5.jar:/home/bowers01/.m2/repository/org/apache/maven/surefire/common-java5/3.2.5/common-java5-3.2.5.jar:/home/bowers01/.m2/repository/org/junit/platform/junit-platform-launcher/1.10.0/junit-platform-launcher-1.10.0.jar"/>
    <property name="sun.management.compiler" value="HotSpot 64-Bit Tiered Compilers"/>
    <property name="java.runtime.version" value="17.0.11+9-LTS"/>
    <property name="user.name" value="bowers01"/>
    <property name="path.separator" value=":"/>
    <property name="os.version" value="4.18.0-513.24.1.el8_9.x86_64"/>
    <property name="java.runtime.name" value="OpenJDK Runtime Environment"/>
    <property name="file.encoding" value="UTF-8"/>
    <property name="java.vm.name" value="OpenJDK 64-Bit Server VM"/>
    <property name="java.vendor.version" value="(Red_Hat-17.0.11.0.9-3)"/>
    <property name="localRepository" value="/home/bowers01/.m2/repository"/>
    <property name="java.vendor.url.bug" value="https://access.redhat.com/support/cases/"/>
    <property name="java.io.tmpdir" value="/tmp"/>
    <property name="java.version" value="17.0.11"/>
    <property name="user.dir" value="/home/bowers01/work/ee10/clarityclient2/client"/>
    <property name="os.arch" value="amd64"/>
    <property name="java.vm.specification.name" value="Java Virtual Machine Specification"/>
    <property name="native.encoding" value="UTF-8"/>
    <property name="java.library.path" value="/usr/local/lib:/usr/local/lib:/usr/java/packages/lib:/usr/lib64:/lib64:/lib:/usr/lib"/>
    <property name="java.vm.info" value="mixed mode"/>
    <property name="java.vendor" value="Red Hat, Inc."/>
    <property name="java.vm.version" value="17.0.11+9-LTS"/>
    <property name="sun.io.unicode.encoding" value="UnicodeLittle"/>
    <property name="java.class.version" value="61.0"/>
  </properties>
  <testcase name="testMultipageFetchFind1" classname="org.cruk.clarity.api.ClarityAPIPaginatedBatchTest" time="0.182"/>
  <testcase name="testMultipageFetchFind2" classname="org.cruk.clarity.api.ClarityAPIPaginatedBatchTest" time="0.142"/>
  <testcase name="testMultipageFetchListSome1" classname="org.cruk.clarity.api.ClarityAPIPaginatedBatchTest" time="0.007"/>
  <testcase name="testMultipageFetchListSome2" classname="org.cruk.clarity.api.ClarityAPIPaginatedBatchTest" time="0.026"/>
</testsuite>